<?xml version="1.0" encoding="UTF-8"?>
<!-- Generated by org.testng.reporters.JUnitXMLReporter -->
<testsuite ignored="4" hostname="F85TG00L" failures="0" tests="1" name="Default test" time="2.934" errors="0" timestamp="2020-04-26T22:45:44 IST">
  <testcase classname="testCases.TestClass" name="sampleDELETECall" time="2.896"/>
  <testcase classname="testCases.TestClass" name="authenticationTest" time="0.0">
    <ignored/>
  </testcase> <!-- authenticationTest -->
  <testcase classname="testCases.TestClass" name="sampleGETCall" time="0.0">
    <ignored/>
  </testcase> <!-- sampleGETCall -->
  <testcase classname="testCases.TestClass" name="samplePUTCall" time="0.0">
    <ignored/>
  </testcase> <!-- samplePUTCall -->
  <testcase classname="testCases.TestClass" name="samplePOSTCall" time="0.0">
    <ignored/>
  </testcase> <!-- samplePOSTCall -->
</testsuite> <!-- Default test -->
