<?xml version="1.0" encoding="UTF-8"?>
<testng-results ignored="4" total="5" passed="1" failed="0" skipped="0">
  <reporter-output>
  </reporter-output>
  <suite started-at="2020-04-26T22:45:41 IST" name="Default suite" finished-at="2020-04-26T22:45:44 IST" duration-ms="2934">
    <groups>
    </groups>
    <test started-at="2020-04-26T22:45:41 IST" name="Default test" finished-at="2020-04-26T22:45:44 IST" duration-ms="2934">
      <class name="testCases.TestClass">
        <test-method signature="sampleDELETECall()[pri:0, instance:testCases.TestClass@75f32542]" started-at="2020-04-26T22:45:41 IST" name="sampleDELETECall" finished-at="2020-04-26T22:45:44 IST" duration-ms="2896" status="PASS">
          <reporter-output>
          </reporter-output>
        </test-method> <!-- sampleDELETECall -->
      </class> <!-- testCases.TestClass -->
    </test> <!-- Default test -->
  </suite> <!-- Default suite -->
</testng-results>
