<?xml version="1.0" encoding="UTF-8"?>
<testng-results ignored="1" total="2" passed="1" failed="0" skipped="0">
  <reporter-output>
  </reporter-output>
  <suite started-at="2020-04-25T20:34:47 IST" name="Default suite" finished-at="2020-04-25T20:34:49 IST" duration-ms="2476">
    <groups>
    </groups>
    <test started-at="2020-04-25T20:34:47 IST" name="Default test" finished-at="2020-04-25T20:34:49 IST" duration-ms="2476">
      <class name="testCases.TestClass">
        <test-method signature="samplePOSTCall()[pri:0, instance:testCases.TestClass@6b19b79]" started-at="2020-04-25T20:34:47 IST" name="samplePOSTCall" finished-at="2020-04-25T20:34:49 IST" duration-ms="2432" status="PASS">
          <reporter-output>
          </reporter-output>
        </test-method> <!-- samplePOSTCall -->
      </class> <!-- testCases.TestClass -->
    </test> <!-- Default test -->
  </suite> <!-- Default suite -->
</testng-results>
